<?xml version="1.0" encoding="UTF-8"?>
<testsuite xmlns:xsi="http://www.w3.org/2001/XMLSchema-instance" xsi:noNamespaceSchemaLocation="https://maven.apache.org/surefire/maven-surefire-plugin/xsd/surefire-test-report.xsd" name="com.docudigitalsds.test.UsuarioTest" time="0.001" tests="10" errors="0" skipped="0" failures="0">
  <properties>
[...]
</properties>
  <testcase name="testFechaUltimaEdicion" classname="com.docudigitalsds.test.UsuarioTest" time="0"/>
  <testcase name="testEmail" classname="com.docudigitalsds.test.UsuarioTest" time="0"/>
  <testcase name="testApellidoMaterno" classname="com.docudigitalsds.test.UsuarioTest" time="0"/>
  <testcase name="testIdUsuario" classname="com.docudigitalsds.test.UsuarioTest" time="0"/>
  <testcase name="testFechaCreacion" classname="com.docudigitalsds.test.UsuarioTest" time="0"/>
  <testcase name="testContraseña" classname="com.docudigitalsds.test.UsuarioTest" time="0"/>
  <testcase name="testIdRoles" classname="com.docudigitalsds.test.UsuarioTest" time="0"/>
  <testcase name="testEmailValido" classname="com.docudigitalsds.test.UsuarioTest" time="0"/>
  <testcase name="testApellidoPaterno" classname="com.docudigitalsds.test.UsuarioTest" time="0"/>
  <testcase name="testNombre" classname="com.docudigitalsds.test.UsuarioTest" time="0"/>
</testsuite>